<?xml version="1.0" encoding="UTF-8"?>
<!-- Generated by org.testng.reporters.JUnitXMLReporter -->
<testsuite ignored="1" hostname="ECL-DSK-B02R542" failures="1" tests="51" name="test3" time="72.837" errors="0" timestamp="2022-01-12T18:08:45 IST">
  <testcase classname="testCases.VerificationtillDasboard" name="New_Patient_Registration" time="48.171"/>
  <testcase classname="testCases.VerificationtillDasboard" name="initialmatches" time="0.265"/>
  <testcase classname="testCases.VerificationtillDasboard" name="fistnamematches" time="0.15"/>
  <testcase classname="testCases.VerificationtillDasboard" name="lastnamematches" time="0.095"/>
  <testcase classname="testCases.VerificationtillDasboard" name="uhidmatches" time="0.13"/>
  <testcase classname="testCases.VerificationtillDasboard" name="cotypematches" time="0.11"/>
  <testcase classname="testCases.VerificationtillDasboard" name="conamematches" time="0.061"/>
  <testcase classname="testCases.VerificationtillDasboard" name="phonematches" time="0.062"/>
  <testcase classname="testCases.VerificationtillDasboard" name="mobilenomatches" time="0.044"/>
  <testcase classname="testCases.VerificationtillDasboard" name="emergencymatches" time="0.032"/>
  <testcase classname="testCases.VerificationtillDasboard" name="person_name_matches" time="0.052"/>
  <testcase classname="testCases.VerificationtillDasboard" name="emailmatches" time="0.03"/>
  <testcase classname="testCases.VerificationtillDasboard" name="yearmatches" time="0.048"/>
  <testcase classname="testCases.VerificationtillDasboard" name="monthmatches" time="0.028"/>
  <testcase classname="testCases.VerificationtillDasboard" name="daymatches" time="0.029"/>
  <testcase classname="testCases.VerificationtillDasboard" name="permanentadressmatches" time="0.039"/>
  <testcase classname="testCases.VerificationtillDasboard" name="permanentpinmatches" time="0.048"/>
  <testcase classname="testCases.VerificationtillDasboard" name="permanentcountrymatches" time="0.036"/>
  <testcase classname="testCases.VerificationtillDasboard" name="permanentstatematches" time="0.031"/>
  <testcase classname="testCases.VerificationtillDasboard" name="permanentcitymatches" time="0.05"/>
  <testcase classname="testCases.VerificationtillDasboard" name="permanentareamatches" time="0.026"/>
  <testcase classname="testCases.VerificationtillDasboard" name="localaddressmatches" time="0.043"/>
  <testcase classname="testCases.VerificationtillDasboard" name="localpinmatches" time="0.045"/>
  <testcase classname="testCases.VerificationtillDasboard" name="localcountrymatches" time="0.033"/>
  <testcase classname="testCases.VerificationtillDasboard" name="localstatematches" time="0.03"/>
  <testcase classname="testCases.VerificationtillDasboard" name="localdistrictmatches" time="0.032"/>
  <testcase classname="testCases.VerificationtillDasboard" name="localcitymatches" time="0.03"/>
  <testcase classname="testCases.VerificationtillDasboard" name="localareamatches" time="0.043"/>
  <testcase classname="testCases.VerificationtillDasboard" name="clicktotherinformaiontab" time="0.123"/>
  <testcase classname="testCases.VerificationtillDasboard" name="groupmatches" time="0.046">
    <failure type="java.lang.AssertionError" message="The following asserts failed:
	Group is not matched expected [Eye Exam] but found []">
      <![CDATA[java.lang.AssertionError: The following asserts failed:
Group is not matched expected [Eye Exam] but found []
at testCases.VerificationtillDasboard.groupmatches(VerificationtillDasboard.java:554)
at java.base/java.util.ArrayList.forEach(ArrayList.java:1541)
at java.base/java.util.concurrent.FutureTask.run(FutureTask.java:264)
at java.base/java.util.concurrent.ThreadPoolExecutor.runWorker(ThreadPoolExecutor.java:1128)
at java.base/java.util.concurrent.ThreadPoolExecutor$Worker.run(ThreadPoolExecutor.java:628)
at java.base/java.lang.Thread.run(Thread.java:834)
... Removed 20 stack frames]]>
    </failure>
  </testcase> <!-- groupmatches -->
  <testcase classname="testCases.VerificationtillDasboard" name="marritalstatusmatches" time="0.066"/>
  <testcase classname="testCases.VerificationtillDasboard" name="partynamematches" time="0.125"/>
  <testcase classname="testCases.VerificationtillDasboard" name="mothernamematches" time="0.059"/>
  <testcase classname="testCases.VerificationtillDasboard" name="nationalitymatches" time="0.03"/>
  <testcase classname="testCases.VerificationtillDasboard" name="sapmatches" time="0.04"/>
  <testcase classname="testCases.VerificationtillDasboard" name="faxnumbermatches" time="0.033"/>
  <testcase classname="testCases.VerificationtillDasboard" name="bloodgroupmatches" time="0.052"/>
  <testcase classname="testCases.VerificationtillDasboard" name="languagematches" time="0.062"/>
  <testcase classname="testCases.VerificationtillDasboard" name="religionmatches" time="0.047"/>
  <testcase classname="testCases.VerificationtillDasboard" name="occupationmatches" time="0.037"/>
  <testcase classname="testCases.VerificationtillDasboard" name="sourcematches" time="0.021"/>
  <testcase classname="testCases.VerificationtillDasboard" name="adharmatches" time="0.037"/>
  <testcase classname="testCases.VerificationtillDasboard" name="passportmatches" time="0.074"/>
  <testcase classname="testCases.VerificationtillDasboard" name="isbplmatches" time="0.04"/>
  <testcase classname="testCases.VerificationtillDasboard" name="istriblematches" time="0.035"/>
  <testcase classname="testCases.VerificationtillDasboard" name="isdisablematches" time="0.028"/>
  <testcase classname="testCases.VerificationtillDasboard" name="disablepercentmatches" time="0.207"/>
  <testcase classname="testCases.VerificationtillDasboard" name="isvipmatches" time="0.061"/>
  <testcase classname="testCases.VerificationtillDasboard" name="Viptypematches" time="0.233"/>
  <testcase classname="testCases.VerificationtillDasboard" name="remarksmatches" time="0.034"/>
  <testcase classname="testCases.VerificationtillDasboard" name="patient_appointment_walkin" time="6.615"/>
  <testcase classname="testCases.VerificationtillDasboard" name="permanentdistrictmatches" time="0.0">
    <ignored/>
  </testcase> <!-- permanentdistrictmatches -->
</testsuite> <!-- test3 -->
