<?xml version="1.0" encoding="UTF-8"?>
<!-- Generated by org.testng.reporters.JUnitXMLReporter -->
<testsuite ignored="1" hostname="ECL-DSK-B02R542" failures="2" tests="50" name="test5" time="72.274" errors="0" timestamp="2022-01-12T18:08:44 IST">
  <testcase classname="testCases.PatientRegistrationfiledverification" name="New_Patient_Registration" time="46.218"/>
  <testcase classname="testCases.PatientRegistrationfiledverification" name="initialmatches" time="0.058">
    <failure type="java.lang.AssertionError" message="The following asserts failed:
	Intial is not matched expected [] but found [Mrs.]">
      <![CDATA[java.lang.AssertionError: The following asserts failed:
Intial is not matched expected [] but found [Mrs.]
at testCases.PatientRegistrationfiledverification.initialmatches(PatientRegistrationfiledverification.java:282)
at java.base/java.util.ArrayList.forEach(ArrayList.java:1541)
at java.base/java.util.concurrent.FutureTask.run(FutureTask.java:264)
at java.base/java.util.concurrent.ThreadPoolExecutor.runWorker(ThreadPoolExecutor.java:1128)
at java.base/java.util.concurrent.ThreadPoolExecutor$Worker.run(ThreadPoolExecutor.java:628)
at java.base/java.lang.Thread.run(Thread.java:834)
... Removed 20 stack frames]]>
    </failure>
  </testcase> <!-- initialmatches -->
  <testcase classname="testCases.PatientRegistrationfiledverification" name="fistnamematches" time="0.145"/>
  <testcase classname="testCases.PatientRegistrationfiledverification" name="lastnamematches" time="0.129"/>
  <testcase classname="testCases.PatientRegistrationfiledverification" name="uhidmatches" time="0.089"/>
  <testcase classname="testCases.PatientRegistrationfiledverification" name="cotypematches" time="0.158"/>
  <testcase classname="testCases.PatientRegistrationfiledverification" name="conamematches" time="0.155"/>
  <testcase classname="testCases.PatientRegistrationfiledverification" name="phonematches" time="0.094"/>
  <testcase classname="testCases.PatientRegistrationfiledverification" name="mobilenomatches" time="0.102"/>
  <testcase classname="testCases.PatientRegistrationfiledverification" name="emergencymatches" time="0.037"/>
  <testcase classname="testCases.PatientRegistrationfiledverification" name="person_name_matches" time="0.046"/>
  <testcase classname="testCases.PatientRegistrationfiledverification" name="emailmatches" time="0.03"/>
  <testcase classname="testCases.PatientRegistrationfiledverification" name="yearmatches" time="0.031"/>
  <testcase classname="testCases.PatientRegistrationfiledverification" name="monthmatches" time="0.068"/>
  <testcase classname="testCases.PatientRegistrationfiledverification" name="daymatches" time="0.039"/>
  <testcase classname="testCases.PatientRegistrationfiledverification" name="permanentadressmatches" time="0.029"/>
  <testcase classname="testCases.PatientRegistrationfiledverification" name="permanentpinmatches" time="0.046"/>
  <testcase classname="testCases.PatientRegistrationfiledverification" name="permanentcountrymatches" time="0.044"/>
  <testcase classname="testCases.PatientRegistrationfiledverification" name="permanentstatematches" time="0.062"/>
  <testcase classname="testCases.PatientRegistrationfiledverification" name="permanentcitymatches" time="0.091"/>
  <testcase classname="testCases.PatientRegistrationfiledverification" name="permanentareamatches" time="0.141"/>
  <testcase classname="testCases.PatientRegistrationfiledverification" name="localaddressmatches" time="0.174"/>
  <testcase classname="testCases.PatientRegistrationfiledverification" name="localpinmatches" time="0.039"/>
  <testcase classname="testCases.PatientRegistrationfiledverification" name="localcountrymatches" time="0.031"/>
  <testcase classname="testCases.PatientRegistrationfiledverification" name="localstatematches" time="0.028"/>
  <testcase classname="testCases.PatientRegistrationfiledverification" name="localdistrictmatches" time="0.029"/>
  <testcase classname="testCases.PatientRegistrationfiledverification" name="localcitymatches" time="0.029"/>
  <testcase classname="testCases.PatientRegistrationfiledverification" name="localareamatches" time="0.037"/>
  <testcase classname="testCases.PatientRegistrationfiledverification" name="clicktotherinformaiontab" time="0.121"/>
  <testcase classname="testCases.PatientRegistrationfiledverification" name="groupmatches" time="0.04">
    <failure type="java.lang.AssertionError" message="The following asserts failed:
	Group is not matched expected [Eye Exam] but found []">
      <![CDATA[java.lang.AssertionError: The following asserts failed:
Group is not matched expected [Eye Exam] but found []
at testCases.PatientRegistrationfiledverification.groupmatches(PatientRegistrationfiledverification.java:556)
at java.base/java.util.ArrayList.forEach(ArrayList.java:1541)
at java.base/java.util.concurrent.FutureTask.run(FutureTask.java:264)
at java.base/java.util.concurrent.ThreadPoolExecutor.runWorker(ThreadPoolExecutor.java:1128)
at java.base/java.util.concurrent.ThreadPoolExecutor$Worker.run(ThreadPoolExecutor.java:628)
at java.base/java.lang.Thread.run(Thread.java:834)
... Removed 20 stack frames]]>
    </failure>
  </testcase> <!-- groupmatches -->
  <testcase classname="testCases.PatientRegistrationfiledverification" name="marritalstatusmatches" time="0.061"/>
  <testcase classname="testCases.PatientRegistrationfiledverification" name="partynamematches" time="0.099"/>
  <testcase classname="testCases.PatientRegistrationfiledverification" name="mothernamematches" time="0.034"/>
  <testcase classname="testCases.PatientRegistrationfiledverification" name="nationalitymatches" time="0.028"/>
  <testcase classname="testCases.PatientRegistrationfiledverification" name="sapmatches" time="0.036"/>
  <testcase classname="testCases.PatientRegistrationfiledverification" name="faxnumbermatches" time="0.042"/>
  <testcase classname="testCases.PatientRegistrationfiledverification" name="bloodgroupmatches" time="0.038"/>
  <testcase classname="testCases.PatientRegistrationfiledverification" name="languagematches" time="0.034"/>
  <testcase classname="testCases.PatientRegistrationfiledverification" name="religionmatches" time="0.054"/>
  <testcase classname="testCases.PatientRegistrationfiledverification" name="occupationmatches" time="0.044"/>
  <testcase classname="testCases.PatientRegistrationfiledverification" name="sourcematches" time="0.017"/>
  <testcase classname="testCases.PatientRegistrationfiledverification" name="adharmatches" time="0.036"/>
  <testcase classname="testCases.PatientRegistrationfiledverification" name="passportmatches" time="0.031"/>
  <testcase classname="testCases.PatientRegistrationfiledverification" name="isbplmatches" time="0.025"/>
  <testcase classname="testCases.PatientRegistrationfiledverification" name="istriblematches" time="0.03"/>
  <testcase classname="testCases.PatientRegistrationfiledverification" name="isdisablematches" time="0.025"/>
  <testcase classname="testCases.PatientRegistrationfiledverification" name="disablepercentmatches" time="0.095"/>
  <testcase classname="testCases.PatientRegistrationfiledverification" name="isvipmatches" time="0.018"/>
  <testcase classname="testCases.PatientRegistrationfiledverification" name="Viptypematches" time="0.493"/>
  <testcase classname="testCases.PatientRegistrationfiledverification" name="remarksmatches" time="0.065"/>
  <testcase classname="testCases.PatientRegistrationfiledverification" name="permanentdistrictmatches" time="0.0">
    <ignored/>
  </testcase> <!-- permanentdistrictmatches -->
</testsuite> <!-- test5 -->
