<?xml version="1.0" encoding="UTF-8"?>
<!-- Generated by org.testng.reporters.JUnitXMLReporter -->
<testsuite ignored="2" hostname="ECL-DSK-B02R542" failures="0" tests="10" name="test1" time="41.94" errors="0" timestamp="2022-01-12T18:39:39 IST">
  <testcase classname="testCases.LoginPageTest" name="verifyApplicationTitle" time="0.023"/>
  <testcase classname="testCases.LoginPageTest" name="verifyFacebookPageTitle" time="5.502"/>
  <testcase classname="testCases.LoginPageTest" name="verifyTwitterPageTitle" time="5.932"/>
  <testcase classname="testCases.LoginPageTest" name="verifyLinked_inPageTitle" time="3.287"/>
  <testcase classname="testCases.LoginPageTest" name="verifyInstagramPageTitle" time="5.221"/>
  <testcase classname="testCases.LoginPageTest" name="valid_Userid_Invalid_password" time="0.428"/>
  <testcase classname="testCases.LoginPageTest" name="invalid_Userid_valid_password" time="0.448"/>
  <testcase classname="testCases.LoginPageTest" name="invalid_Userid_Invalid_password" time="0.417"/>
  <testcase classname="testCases.LoginPageTest" name="Blank_Userid_Blank_password" time="0.278"/>
  <testcase classname="testCases.LoginPageTest" name="valid_Userid_valid_password" time="0.639"/>
  <testcase classname="testCases.LoginPageTest" name="verifyEliWebsiteTitle" time="0.0">
    <ignored/>
  </testcase> <!-- verifyEliWebsiteTitle -->
  <testcase classname="testCases.LoginPageTest" name="verifyYoutubePageTitle" time="0.0">
    <ignored/>
  </testcase> <!-- verifyYoutubePageTitle -->
</testsuite> <!-- test1 -->
