<?xml version="1.0" encoding="UTF-8"?>
<!-- Generated by org.testng.reporters.JUnitXMLReporter -->
<testsuite ignored="1" hostname="ECL-DSK-B02R542" failures="1" tests="50" name="test7" time="62.745" errors="0" timestamp="2022-01-12T17:57:27 IST">
  <testcase classname="testCases.RegistrationVerificationwithSameAddress" name="New_Patient_Registration" time="45.755"/>
  <testcase classname="testCases.RegistrationVerificationwithSameAddress" name="initialmatches" time="0.079"/>
  <testcase classname="testCases.RegistrationVerificationwithSameAddress" name="fistnamematches" time="0.101"/>
  <testcase classname="testCases.RegistrationVerificationwithSameAddress" name="lastnamematches" time="0.057"/>
  <testcase classname="testCases.RegistrationVerificationwithSameAddress" name="uhidmatches" time="0.084"/>
  <testcase classname="testCases.RegistrationVerificationwithSameAddress" name="cotypematches" time="0.06"/>
  <testcase classname="testCases.RegistrationVerificationwithSameAddress" name="conamematches" time="0.059"/>
  <testcase classname="testCases.RegistrationVerificationwithSameAddress" name="phonematches" time="0.049"/>
  <testcase classname="testCases.RegistrationVerificationwithSameAddress" name="mobilenomatches" time="0.08"/>
  <testcase classname="testCases.RegistrationVerificationwithSameAddress" name="emergencymatches" time="0.051"/>
  <testcase classname="testCases.RegistrationVerificationwithSameAddress" name="person_name_matches" time="0.047"/>
  <testcase classname="testCases.RegistrationVerificationwithSameAddress" name="emailmatches" time="0.036"/>
  <testcase classname="testCases.RegistrationVerificationwithSameAddress" name="yearmatches" time="0.075"/>
  <testcase classname="testCases.RegistrationVerificationwithSameAddress" name="monthmatches" time="0.051"/>
  <testcase classname="testCases.RegistrationVerificationwithSameAddress" name="daymatches" time="0.04"/>
  <testcase classname="testCases.RegistrationVerificationwithSameAddress" name="permanentadressmatches" time="0.041"/>
  <testcase classname="testCases.RegistrationVerificationwithSameAddress" name="permanentpinmatches" time="0.03"/>
  <testcase classname="testCases.RegistrationVerificationwithSameAddress" name="permanentcountrymatches" time="0.033"/>
  <testcase classname="testCases.RegistrationVerificationwithSameAddress" name="permanentstatematches" time="0.033"/>
  <testcase classname="testCases.RegistrationVerificationwithSameAddress" name="permanentcitymatches" time="0.026"/>
  <testcase classname="testCases.RegistrationVerificationwithSameAddress" name="permanentareamatches" time="0.032"/>
  <testcase classname="testCases.RegistrationVerificationwithSameAddress" name="localaddressmatches" time="0.028"/>
  <testcase classname="testCases.RegistrationVerificationwithSameAddress" name="localpinmatches" time="0.031"/>
  <testcase classname="testCases.RegistrationVerificationwithSameAddress" name="localcountrymatches" time="0.036"/>
  <testcase classname="testCases.RegistrationVerificationwithSameAddress" name="localstatematches" time="0.016"/>
  <testcase classname="testCases.RegistrationVerificationwithSameAddress" name="localdistrictmatches" time="0.02"/>
  <testcase classname="testCases.RegistrationVerificationwithSameAddress" name="localcitymatches" time="0.025"/>
  <testcase classname="testCases.RegistrationVerificationwithSameAddress" name="localareamatches" time="0.027"/>
  <testcase classname="testCases.RegistrationVerificationwithSameAddress" name="clicktotherinformaiontab" time="0.1"/>
  <testcase classname="testCases.RegistrationVerificationwithSameAddress" name="groupmatches" time="0.029">
    <failure type="java.lang.AssertionError" message="The following asserts failed:
	Group is not matched expected [General-1] but found []">
      <![CDATA[java.lang.AssertionError: The following asserts failed:
Group is not matched expected [General-1] but found []
at testCases.RegistrationVerificationwithSameAddress.groupmatches(RegistrationVerificationwithSameAddress.java:552)
at java.base/java.util.ArrayList.forEach(ArrayList.java:1541)
at java.base/java.util.concurrent.FutureTask.run(FutureTask.java:264)
at java.base/java.util.concurrent.ThreadPoolExecutor.runWorker(ThreadPoolExecutor.java:1128)
at java.base/java.util.concurrent.ThreadPoolExecutor$Worker.run(ThreadPoolExecutor.java:628)
at java.base/java.lang.Thread.run(Thread.java:834)
... Removed 20 stack frames]]>
    </failure>
  </testcase> <!-- groupmatches -->
  <testcase classname="testCases.RegistrationVerificationwithSameAddress" name="marritalstatusmatches" time="0.028"/>
  <testcase classname="testCases.RegistrationVerificationwithSameAddress" name="partynamematches" time="0.047"/>
  <testcase classname="testCases.RegistrationVerificationwithSameAddress" name="mothernamematches" time="0.055"/>
  <testcase classname="testCases.RegistrationVerificationwithSameAddress" name="nationalitymatches" time="0.069"/>
  <testcase classname="testCases.RegistrationVerificationwithSameAddress" name="sapmatches" time="0.063"/>
  <testcase classname="testCases.RegistrationVerificationwithSameAddress" name="faxnumbermatches" time="0.046"/>
  <testcase classname="testCases.RegistrationVerificationwithSameAddress" name="bloodgroupmatches" time="0.02"/>
  <testcase classname="testCases.RegistrationVerificationwithSameAddress" name="languagematches" time="0.03"/>
  <testcase classname="testCases.RegistrationVerificationwithSameAddress" name="religionmatches" time="0.041"/>
  <testcase classname="testCases.RegistrationVerificationwithSameAddress" name="occupationmatches" time="0.017"/>
  <testcase classname="testCases.RegistrationVerificationwithSameAddress" name="sourcematches" time="0.015"/>
  <testcase classname="testCases.RegistrationVerificationwithSameAddress" name="adharmatches" time="0.041"/>
  <testcase classname="testCases.RegistrationVerificationwithSameAddress" name="passportmatches" time="0.039"/>
  <testcase classname="testCases.RegistrationVerificationwithSameAddress" name="isbplmatches" time="0.03"/>
  <testcase classname="testCases.RegistrationVerificationwithSameAddress" name="istriblematches" time="0.05"/>
  <testcase classname="testCases.RegistrationVerificationwithSameAddress" name="isdisablematches" time="0.042"/>
  <testcase classname="testCases.RegistrationVerificationwithSameAddress" name="disablepercentmatches" time="0.105"/>
  <testcase classname="testCases.RegistrationVerificationwithSameAddress" name="isvipmatches" time="0.027"/>
  <testcase classname="testCases.RegistrationVerificationwithSameAddress" name="Viptypematches" time="0.107"/>
  <testcase classname="testCases.RegistrationVerificationwithSameAddress" name="remarksmatches" time="0.027"/>
  <testcase classname="testCases.RegistrationVerificationwithSameAddress" name="permanentdistrictmatches" time="0.0">
    <ignored/>
  </testcase> <!-- permanentdistrictmatches -->
</testsuite> <!-- test7 -->
