<?xml version="1.0" encoding="UTF-8"?>
<!-- Generated by org.testng.reporters.JUnitXMLReporter -->
<testsuite ignored="1" hostname="ECL-DSK-B02R542" failures="0" tests="50" name="test6" time="7.639" errors="0" timestamp="2022-01-12T18:39:40 IST">
  <testcase classname="utility.BaseClass" name="@BeforeTest startApp" time="7.487">
    <failure type="org.openqa.selenium.WebDriverException" message="unknown error: cannot determine loading status
from disconnected: received Inspector.detached event
  (Session info: chrome=97.0.4692.71)
Build info: version: &amp;apos;3.141.59&amp;apos;, revision: &amp;apos;e82be7d358&amp;apos;, time: &amp;apos;2018-11-14T08:17:03&amp;apos;
System info: host: &amp;apos;ECL-DSK-B02R542&amp;apos;, ip: &amp;apos;192.168.1.112&amp;apos;, os.name: &amp;apos;Windows 10&amp;apos;, os.arch: &amp;apos;amd64&amp;apos;, os.version: &amp;apos;10.0&amp;apos;, java.version: &amp;apos;11.0.12&amp;apos;
Driver info: org.openqa.selenium.chrome.ChromeDriver
Capabilities {acceptInsecureCerts: false, browserName: chrome, browserVersion: 97.0.4692.71, chrome: {chromedriverVersion: 97.0.4692.71 (adefa7837d02a..., userDataDir: C:\Users\REMOTE~1\AppData\L...}, goog:chromeOptions: {debuggerAddress: localhost:64262}, javascriptEnabled: true, networkConnectionEnabled: false, pageLoadStrategy: normal, platform: WINDOWS, platformName: WINDOWS, proxy: Proxy(), setWindowRect: true, strictFileInteractability: false, timeouts: {implicit: 0, pageLoad: 300000, script: 30000}, unhandledPromptBehavior: dismiss and notify, webauthn:extension:credBlob: true, webauthn:extension:largeBlob: true, webauthn:virtualAuthenticators: true}
Session ID: 8d8610524f76921ae62128747f6fdd4a">
      <![CDATA[org.openqa.selenium.WebDriverException: unknown error: cannot determine loading status
from disconnected: received Inspector.detached event
  (Session info: chrome=97.0.4692.71)
Build info: version: '3.141.59', revision: 'e82be7d358', time: '2018-11-14T08:17:03'
System info: host: 'ECL-DSK-B02R542', ip: '192.168.1.112', os.name: 'Windows 10', os.arch: 'amd64', os.version: '10.0', java.version: '11.0.12'
Driver info: org.openqa.selenium.chrome.ChromeDriver
Capabilities {acceptInsecureCerts: false, browserName: chrome, browserVersion: 97.0.4692.71, chrome: {chromedriverVersion: 97.0.4692.71 (adefa7837d02a..., userDataDir: C:\Users\REMOTE~1\AppData\L...}, goog:chromeOptions: {debuggerAddress: localhost:64262}, javascriptEnabled: true, networkConnectionEnabled: false, pageLoadStrategy: normal, platform: WINDOWS, platformName: WINDOWS, proxy: Proxy(), setWindowRect: true, strictFileInteractability: false, timeouts: {implicit: 0, pageLoad: 300000, script: 30000}, unhandledPromptBehavior: dismiss and notify, webauthn:extension:credBlob: true, webauthn:extension:largeBlob: true, webauthn:virtualAuthenticators: true}
Session ID: 8d8610524f76921ae62128747f6fdd4a
at org.openqa.selenium.remote.http.W3CHttpResponseCodec.createException(W3CHttpResponseCodec.java:187)
at org.openqa.selenium.remote.http.W3CHttpResponseCodec.decode(W3CHttpResponseCodec.java:122)
at org.openqa.selenium.remote.http.W3CHttpResponseCodec.decode(W3CHttpResponseCodec.java:49)
at org.openqa.selenium.remote.HttpCommandExecutor.execute(HttpCommandExecutor.java:158)
at org.openqa.selenium.remote.service.DriverCommandExecutor.execute(DriverCommandExecutor.java:83)
at org.openqa.selenium.remote.RemoteWebDriver.execute(RemoteWebDriver.java:552)
at org.openqa.selenium.remote.RemoteWebDriver.get(RemoteWebDriver.java:277)
at utility.BaseClass.startApp(BaseClass.java:59)
at java.base/java.util.concurrent.FutureTask.run(FutureTask.java:264)
at java.base/java.util.concurrent.ThreadPoolExecutor.runWorker(ThreadPoolExecutor.java:1128)
at java.base/java.util.concurrent.ThreadPoolExecutor$Worker.run(ThreadPoolExecutor.java:628)
at java.base/java.lang.Thread.run(Thread.java:834)
... Removed 19 stack frames]]>
    </failure>
  </testcase> <!-- @BeforeTest startApp -->
  <testcase classname="utility.BaseClass" name="@AfterClass goToLoginpage" time="-1.641992980714E9">
    <skipped/>
  </testcase> <!-- @AfterClass goToLoginpage -->
  <testcase classname="utility.BaseClass" name="@AfterTest tearDown" time="-1.641992980715E9">
    <skipped/>
  </testcase> <!-- @AfterTest tearDown -->
  <testcase classname="testCases.PatientSearch_btn" name="New_Patient_Registration" time="0.0">
    <skipped/>
  </testcase> <!-- New_Patient_Registration -->
  <testcase classname="testCases.PatientSearch_btn" name="initialmatches" time="0.0">
    <skipped/>
  </testcase> <!-- initialmatches -->
  <testcase classname="testCases.PatientSearch_btn" name="fistnamematches" time="0.0">
    <skipped/>
  </testcase> <!-- fistnamematches -->
  <testcase classname="testCases.PatientSearch_btn" name="lastnamematches" time="0.0">
    <skipped/>
  </testcase> <!-- lastnamematches -->
  <testcase classname="testCases.PatientSearch_btn" name="uhidmatches" time="0.0">
    <skipped/>
  </testcase> <!-- uhidmatches -->
  <testcase classname="testCases.PatientSearch_btn" name="cotypematches" time="0.0">
    <skipped/>
  </testcase> <!-- cotypematches -->
  <testcase classname="testCases.PatientSearch_btn" name="conamematches" time="0.0">
    <skipped/>
  </testcase> <!-- conamematches -->
  <testcase classname="testCases.PatientSearch_btn" name="phonematches" time="0.0">
    <skipped/>
  </testcase> <!-- phonematches -->
  <testcase classname="testCases.PatientSearch_btn" name="mobilenomatches" time="0.0">
    <skipped/>
  </testcase> <!-- mobilenomatches -->
  <testcase classname="testCases.PatientSearch_btn" name="emergencymatches" time="0.0">
    <skipped/>
  </testcase> <!-- emergencymatches -->
  <testcase classname="testCases.PatientSearch_btn" name="person_name_matches" time="0.0">
    <skipped/>
  </testcase> <!-- person_name_matches -->
  <testcase classname="testCases.PatientSearch_btn" name="emailmatches" time="0.0">
    <skipped/>
  </testcase> <!-- emailmatches -->
  <testcase classname="testCases.PatientSearch_btn" name="yearmatches" time="0.0">
    <skipped/>
  </testcase> <!-- yearmatches -->
  <testcase classname="testCases.PatientSearch_btn" name="monthmatches" time="0.0">
    <skipped/>
  </testcase> <!-- monthmatches -->
  <testcase classname="testCases.PatientSearch_btn" name="daymatches" time="0.0">
    <skipped/>
  </testcase> <!-- daymatches -->
  <testcase classname="testCases.PatientSearch_btn" name="permanentadressmatches" time="0.0">
    <skipped/>
  </testcase> <!-- permanentadressmatches -->
  <testcase classname="testCases.PatientSearch_btn" name="permanentpinmatches" time="0.0">
    <skipped/>
  </testcase> <!-- permanentpinmatches -->
  <testcase classname="testCases.PatientSearch_btn" name="permanentcountrymatches" time="0.0">
    <skipped/>
  </testcase> <!-- permanentcountrymatches -->
  <testcase classname="testCases.PatientSearch_btn" name="permanentstatematches" time="0.0">
    <skipped/>
  </testcase> <!-- permanentstatematches -->
  <testcase classname="testCases.PatientSearch_btn" name="permanentcitymatches" time="0.0">
    <skipped/>
  </testcase> <!-- permanentcitymatches -->
  <testcase classname="testCases.PatientSearch_btn" name="permanentareamatches" time="0.0">
    <skipped/>
  </testcase> <!-- permanentareamatches -->
  <testcase classname="testCases.PatientSearch_btn" name="localaddressmatches" time="0.0">
    <skipped/>
  </testcase> <!-- localaddressmatches -->
  <testcase classname="testCases.PatientSearch_btn" name="localpinmatches" time="0.0">
    <skipped/>
  </testcase> <!-- localpinmatches -->
  <testcase classname="testCases.PatientSearch_btn" name="localcountrymatches" time="0.0">
    <skipped/>
  </testcase> <!-- localcountrymatches -->
  <testcase classname="testCases.PatientSearch_btn" name="localstatematches" time="0.0">
    <skipped/>
  </testcase> <!-- localstatematches -->
  <testcase classname="testCases.PatientSearch_btn" name="localdistrictmatches" time="0.0">
    <skipped/>
  </testcase> <!-- localdistrictmatches -->
  <testcase classname="testCases.PatientSearch_btn" name="localcitymatches" time="0.0">
    <skipped/>
  </testcase> <!-- localcitymatches -->
  <testcase classname="testCases.PatientSearch_btn" name="localareamatches" time="0.0">
    <skipped/>
  </testcase> <!-- localareamatches -->
  <testcase classname="testCases.PatientSearch_btn" name="clicktotherinformaiontab" time="0.0">
    <skipped/>
  </testcase> <!-- clicktotherinformaiontab -->
  <testcase classname="testCases.PatientSearch_btn" name="groupmatches" time="0.0">
    <skipped/>
  </testcase> <!-- groupmatches -->
  <testcase classname="testCases.PatientSearch_btn" name="marritalstatusmatches" time="0.0">
    <skipped/>
  </testcase> <!-- marritalstatusmatches -->
  <testcase classname="testCases.PatientSearch_btn" name="partynamematches" time="0.0">
    <skipped/>
  </testcase> <!-- partynamematches -->
  <testcase classname="testCases.PatientSearch_btn" name="mothernamematches" time="0.0">
    <skipped/>
  </testcase> <!-- mothernamematches -->
  <testcase classname="testCases.PatientSearch_btn" name="nationalitymatches" time="0.0">
    <skipped/>
  </testcase> <!-- nationalitymatches -->
  <testcase classname="testCases.PatientSearch_btn" name="sapmatches" time="0.0">
    <skipped/>
  </testcase> <!-- sapmatches -->
  <testcase classname="testCases.PatientSearch_btn" name="faxnumbermatches" time="0.0">
    <skipped/>
  </testcase> <!-- faxnumbermatches -->
  <testcase classname="testCases.PatientSearch_btn" name="bloodgroupmatches" time="0.001">
    <skipped/>
  </testcase> <!-- bloodgroupmatches -->
  <testcase classname="testCases.PatientSearch_btn" name="languagematches" time="0.0">
    <skipped/>
  </testcase> <!-- languagematches -->
  <testcase classname="testCases.PatientSearch_btn" name="religionmatches" time="0.0">
    <skipped/>
  </testcase> <!-- religionmatches -->
  <testcase classname="testCases.PatientSearch_btn" name="occupationmatches" time="0.0">
    <skipped/>
  </testcase> <!-- occupationmatches -->
  <testcase classname="testCases.PatientSearch_btn" name="sourcematches" time="0.0">
    <skipped/>
  </testcase> <!-- sourcematches -->
  <testcase classname="testCases.PatientSearch_btn" name="adharmatches" time="0.0">
    <skipped/>
  </testcase> <!-- adharmatches -->
  <testcase classname="testCases.PatientSearch_btn" name="passportmatches" time="0.0">
    <skipped/>
  </testcase> <!-- passportmatches -->
  <testcase classname="testCases.PatientSearch_btn" name="isbplmatches" time="0.0">
    <skipped/>
  </testcase> <!-- isbplmatches -->
  <testcase classname="testCases.PatientSearch_btn" name="istriblematches" time="0.0">
    <skipped/>
  </testcase> <!-- istriblematches -->
  <testcase classname="testCases.PatientSearch_btn" name="isdisablematches" time="0.0">
    <skipped/>
  </testcase> <!-- isdisablematches -->
  <testcase classname="testCases.PatientSearch_btn" name="disablepercentmatches" time="0.0">
    <skipped/>
  </testcase> <!-- disablepercentmatches -->
  <testcase classname="testCases.PatientSearch_btn" name="isvipmatches" time="0.0">
    <skipped/>
  </testcase> <!-- isvipmatches -->
  <testcase classname="testCases.PatientSearch_btn" name="Viptypematches" time="0.0">
    <skipped/>
  </testcase> <!-- Viptypematches -->
  <testcase classname="testCases.PatientSearch_btn" name="remarksmatches" time="0.0">
    <skipped/>
  </testcase> <!-- remarksmatches -->
  <testcase classname="testCases.PatientSearch_btn" name="permanentdistrictmatches" time="0.0">
    <ignored/>
  </testcase> <!-- permanentdistrictmatches -->
</testsuite> <!-- test6 -->
