<?xml version="1.0" encoding="UTF-8"?>
<!-- Generated by org.testng.reporters.JUnitXMLReporter -->
<testsuite ignored="0" hostname="ECL-DSK-B02R542" failures="1" tests="1" name="Validating title in the Page" time="12.859" errors="0" timestamp="2022-01-10T13:19:27 IST">
  <testcase classname="testCases.validateTitle" name="validateAppTitle" time="0.035">
    <failure type="java.lang.AssertionError" message="expected [FEATURED CO123URSES] but found [FEATURED COURSES]">
      <![CDATA[java.lang.AssertionError: expected [FEATURED CO123URSES] but found [FEATURED COURSES]
at testCases.validateTitle.validateAppTitle(validateTitle.java:43)
at java.base/java.util.ArrayList.forEach(ArrayList.java:1541)
... Removed 33 stack frames]]>
    </failure>
  </testcase> <!-- validateAppTitle -->
</testsuite> <!-- Validating title in the Page -->
