<?xml version="1.0" encoding="UTF-8"?>
<testng-results ignored="0" total="4" passed="3" failed="1" skipped="0">
  <reporter-output>
  </reporter-output>
  <suite started-at="2022-01-10T13:18:30 IST" name="Suite" finished-at="2022-01-10T13:19:46 IST" duration-ms="76514">
    <groups>
    </groups>
    <test started-at="2022-01-10T13:18:30 IST" name="Validating User login" finished-at="2022-01-10T13:19:13 IST" duration-ms="43471">
      <class name="testCases.HomePage">
        <test-method is-config="true" signature="initialize()[pri:0, instance:testCases.HomePage@72f46e16]" started-at="2022-01-10T13:18:30 IST" name="initialize" finished-at="2022-01-10T13:19:03 IST" duration-ms="32874" status="PASS">
          <reporter-output>
          </reporter-output>
        </test-method> <!-- initialize -->
        <test-method signature="basePageNavigation(java.lang.String,java.lang.String,java.lang.String)[pri:0, instance:testCases.HomePage@72f46e16]" started-at="2022-01-10T13:19:03 IST" name="basePageNavigation" data-provider="getData" finished-at="2022-01-10T13:19:09 IST" duration-ms="6891" status="PASS">
          <params>
            <param index="0">
              <value>
                <![CDATA[nonrestricteduser@qw.com]]>
              </value>
            </param>
            <param index="1">
              <value>
                <![CDATA[123456]]>
              </value>
            </param>
            <param index="2">
              <value>
                <![CDATA[Restrcited User]]>
              </value>
            </param>
          </params>
          <reporter-output>
          </reporter-output>
        </test-method> <!-- basePageNavigation -->
        <test-method signature="basePageNavigation(java.lang.String,java.lang.String,java.lang.String)[pri:0, instance:testCases.HomePage@72f46e16]" started-at="2022-01-10T13:19:09 IST" name="basePageNavigation" data-provider="getData" finished-at="2022-01-10T13:19:13 IST" duration-ms="3542" status="PASS">
          <params>
            <param index="0">
              <value>
                <![CDATA[restricteduser@qw.com]]>
              </value>
            </param>
            <param index="1">
              <value>
                <![CDATA[456788]]>
              </value>
            </param>
            <param index="2">
              <value>
                <![CDATA[Non restricted user]]>
              </value>
            </param>
          </params>
          <reporter-output>
          </reporter-output>
        </test-method> <!-- basePageNavigation -->
        <test-method is-config="true" signature="teardown()[pri:0, instance:testCases.HomePage@72f46e16]" started-at="2022-01-10T13:19:13 IST" name="teardown" finished-at="2022-01-10T13:19:13 IST" duration-ms="95" status="PASS">
          <reporter-output>
          </reporter-output>
        </test-method> <!-- teardown -->
      </class> <!-- testCases.HomePage -->
    </test> <!-- Validating User login -->
    <test started-at="2022-01-10T13:19:14 IST" name="Validating title in the Page" finished-at="2022-01-10T13:19:27 IST" duration-ms="12859">
      <class name="testCases.validateTitle">
        <test-method is-config="true" signature="initialize()[pri:0, instance:testCases.validateTitle@3f19b8b3]" started-at="2022-01-10T13:19:14 IST" name="initialize" finished-at="2022-01-10T13:19:26 IST" duration-ms="11961" status="PASS">
          <reporter-output>
          </reporter-output>
        </test-method> <!-- initialize -->
        <test-method signature="validateAppTitle()[pri:0, instance:testCases.validateTitle@3f19b8b3]" started-at="2022-01-10T13:19:26 IST" name="validateAppTitle" finished-at="2022-01-10T13:19:26 IST" duration-ms="35" status="FAIL">
          <exception class="java.lang.AssertionError">
            <message>
              <![CDATA[expected [FEATURED CO123URSES] but found [FEATURED COURSES]]]>
            </message>
            <full-stacktrace>
              <![CDATA[java.lang.AssertionError: expected [FEATURED CO123URSES] but found [FEATURED COURSES]
at org.testng.Assert.fail(Assert.java:99)
at org.testng.Assert.failNotEquals(Assert.java:1037)
at org.testng.Assert.assertEqualsImpl(Assert.java:140)
at org.testng.Assert.assertEquals(Assert.java:122)
at org.testng.Assert.assertEquals(Assert.java:629)
at org.testng.Assert.assertEquals(Assert.java:639)
at testCases.validateTitle.validateAppTitle(validateTitle.java:43)
at java.base/jdk.internal.reflect.NativeMethodAccessorImpl.invoke0(Native Method)
at java.base/jdk.internal.reflect.NativeMethodAccessorImpl.invoke(NativeMethodAccessorImpl.java:62)
at java.base/jdk.internal.reflect.DelegatingMethodAccessorImpl.invoke(DelegatingMethodAccessorImpl.java:43)
at java.base/java.lang.reflect.Method.invoke(Method.java:566)
at org.testng.internal.MethodInvocationHelper.invokeMethod(MethodInvocationHelper.java:133)
at org.testng.internal.TestInvoker.invokeMethod(TestInvoker.java:598)
at org.testng.internal.TestInvoker.invokeTestMethod(TestInvoker.java:173)
at org.testng.internal.MethodRunner.runInSequence(MethodRunner.java:46)
at org.testng.internal.TestInvoker$MethodInvocationAgent.invoke(TestInvoker.java:824)
at org.testng.internal.TestInvoker.invokeTestMethods(TestInvoker.java:146)
at org.testng.internal.TestMethodWorker.invokeTestMethods(TestMethodWorker.java:146)
at org.testng.internal.TestMethodWorker.run(TestMethodWorker.java:128)
at java.base/java.util.ArrayList.forEach(ArrayList.java:1541)
at org.testng.TestRunner.privateRun(TestRunner.java:794)
at org.testng.TestRunner.run(TestRunner.java:596)
at org.testng.SuiteRunner.runTest(SuiteRunner.java:377)
at org.testng.SuiteRunner.runSequentially(SuiteRunner.java:371)
at org.testng.SuiteRunner.privateRun(SuiteRunner.java:332)
at org.testng.SuiteRunner.run(SuiteRunner.java:276)
at org.testng.SuiteRunnerWorker.runSuite(SuiteRunnerWorker.java:53)
at org.testng.SuiteRunnerWorker.run(SuiteRunnerWorker.java:96)
at org.testng.TestNG.runSuitesSequentially(TestNG.java:1212)
at org.testng.TestNG.runSuitesLocally(TestNG.java:1134)
at org.testng.TestNG.runSuites(TestNG.java:1063)
at org.testng.TestNG.run(TestNG.java:1031)
at org.testng.remote.AbstractRemoteTestNG.run(AbstractRemoteTestNG.java:115)
at org.testng.remote.RemoteTestNG.initAndRun(RemoteTestNG.java:251)
at org.testng.remote.RemoteTestNG.main(RemoteTestNG.java:77)
]]>
            </full-stacktrace>
          </exception> <!-- java.lang.AssertionError -->
          <reporter-output>
          </reporter-output>
        </test-method> <!-- validateAppTitle -->
        <test-method is-config="true" signature="teardown()[pri:0, instance:testCases.validateTitle@3f19b8b3]" started-at="2022-01-10T13:19:27 IST" name="teardown" finished-at="2022-01-10T13:19:27 IST" duration-ms="74" status="PASS">
          <reporter-output>
          </reporter-output>
        </test-method> <!-- teardown -->
      </class> <!-- testCases.validateTitle -->
    </test> <!-- Validating title in the Page -->
    <test started-at="2022-01-10T13:19:27 IST" name="Validating navigation Bar" finished-at="2022-01-10T13:19:46 IST" duration-ms="19295">
      <class name="testCases.validateNavigationBar">
        <test-method is-config="true" signature="initialize()[pri:0, instance:testCases.validateNavigationBar@21526f6c]" started-at="2022-01-10T13:19:27 IST" name="initialize" finished-at="2022-01-10T13:19:45 IST" duration-ms="17879" status="PASS">
          <reporter-output>
          </reporter-output>
        </test-method> <!-- initialize -->
        <test-method signature="validateAppNavBar()[pri:0, instance:testCases.validateNavigationBar@21526f6c]" started-at="2022-01-10T13:19:45 IST" name="validateAppNavBar" finished-at="2022-01-10T13:19:45 IST" duration-ms="69" status="PASS">
          <reporter-output>
          </reporter-output>
        </test-method> <!-- validateAppNavBar -->
        <test-method is-config="true" signature="teardown()[pri:0, instance:testCases.validateNavigationBar@21526f6c]" started-at="2022-01-10T13:19:45 IST" name="teardown" finished-at="2022-01-10T13:19:46 IST" duration-ms="1343" status="PASS">
          <reporter-output>
          </reporter-output>
        </test-method> <!-- teardown -->
      </class> <!-- testCases.validateNavigationBar -->
    </test> <!-- Validating navigation Bar -->
  </suite> <!-- Suite -->
</testng-results>
